<?xml version="1.0" encoding="UTF-8"?>
<testsuite name="net.ict.springex.sample.service.TodoServiceTest" tests="1" skipped="0" failures="0" errors="0" timestamp="2022-11-14T08:02:41" hostname="DESKTOP-P8PDRO2" time="0.093">
  <properties/>
  <testcase name="testRegist()" classname="net.ict.springex.sample.service.TodoServiceTest" time="0.093"/>
  <system-out><![CDATA[05:02:40  INFO [org.springframework.test.context.support.DefaultTestContextBootstrapper] Loaded default TestExecutionListener class names from location [META-INF/spring.factories]: [org.springframework.test.context.web.ServletTestExecutionListener, org.springframework.test.context.support.DirtiesContextBeforeModesTestExecutionListener, org.springframework.test.context.event.ApplicationEventsTestExecutionListener, org.springframework.test.context.support.DependencyInjectionTestExecutionListener, org.springframework.test.context.support.DirtiesContextTestExecutionListener, org.springframework.test.context.transaction.TransactionalTestExecutionListener, org.springframework.test.context.jdbc.SqlScriptsTestExecutionListener, org.springframework.test.context.event.EventPublishingTestExecutionListener]
05:02:40  INFO [org.springframework.test.context.support.DefaultTestContextBootstrapper] Using TestExecutionListeners: [org.springframework.test.context.support.DirtiesContextBeforeModesTestExecutionListener@78c7f9b3, org.springframework.test.context.event.ApplicationEventsTestExecutionListener@6f8d7714, org.springframework.test.context.support.DependencyInjectionTestExecutionListener@1e6b9a95, org.springframework.test.context.support.DirtiesContextTestExecutionListener@4d6f623d, org.springframework.test.context.transaction.TransactionalTestExecutionListener@aa21042, org.springframework.test.context.jdbc.SqlScriptsTestExecutionListener@e93f3d5, org.springframework.test.context.event.EventPublishingTestExecutionListener@4cee7fa0]
05:02:41  INFO [com.zaxxer.hikari.HikariDataSource] HikariPool-1 - Starting...
05:02:41  INFO [com.zaxxer.hikari.pool.HikariPool] HikariPool-1 - Added connection org.mariadb.jdbc.Connection@5d5c04f9
05:02:41  INFO [com.zaxxer.hikari.HikariDataSource] HikariPool-1 - Start completed.
05:02:41  INFO [net.ict.d1110_springex.service.TodoServicelmql] org.modelmapper.ModelMapper@5626d18c
05:02:41  INFO [net.ict.d1110_springex.service.TodoServicelmql] TodoVO(tno=null, title=test title, dueDate=2022-11-14, finished=false, writer=testman)
]]></system-out>
  <system-err><![CDATA[]]></system-err>
</testsuite>
