<?xml version="1.0" encoding="UTF-8"?>
<testsuite name="net.ict.springex.sample.TodoMapperTest" tests="1" skipped="0" failures="0" errors="0" timestamp="2022-11-15T06:10:29" hostname="DESKTOP-P8PDRO2" time="0.069">
  <properties/>
  <testcase name="testSelectOne()" classname="net.ict.springex.sample.TodoMapperTest" time="0.069"/>
  <system-out><![CDATA[03:10:28  INFO [org.springframework.test.context.support.DefaultTestContextBootstrapper] Loaded default TestExecutionListener class names from location [META-INF/spring.factories]: [org.springframework.test.context.web.ServletTestExecutionListener, org.springframework.test.context.support.DirtiesContextBeforeModesTestExecutionListener, org.springframework.test.context.event.ApplicationEventsTestExecutionListener, org.springframework.test.context.support.DependencyInjectionTestExecutionListener, org.springframework.test.context.support.DirtiesContextTestExecutionListener, org.springframework.test.context.transaction.TransactionalTestExecutionListener, org.springframework.test.context.jdbc.SqlScriptsTestExecutionListener, org.springframework.test.context.event.EventPublishingTestExecutionListener]
03:10:28  INFO [org.springframework.test.context.support.DefaultTestContextBootstrapper] Using TestExecutionListeners: [org.springframework.test.context.support.DirtiesContextBeforeModesTestExecutionListener@3a60c416, org.springframework.test.context.event.ApplicationEventsTestExecutionListener@60f2e0bd, org.springframework.test.context.support.DependencyInjectionTestExecutionListener@469d003c, org.springframework.test.context.support.DirtiesContextTestExecutionListener@6b410923, org.springframework.test.context.transaction.TransactionalTestExecutionListener@57bd2029, org.springframework.test.context.jdbc.SqlScriptsTestExecutionListener@203dd56b, org.springframework.test.context.event.EventPublishingTestExecutionListener@e8fadb0]
03:10:29  INFO [com.zaxxer.hikari.HikariDataSource] HikariPool-1 - Starting...
03:10:29  INFO [com.zaxxer.hikari.pool.HikariPool] HikariPool-1 - Added connection org.mariadb.jdbc.Connection@660f0c
03:10:29  INFO [com.zaxxer.hikari.HikariDataSource] HikariPool-1 - Start completed.
03:10:29  INFO [net.ict.springex.sample.TodoMapperTest] TodoVO(tno=2, title=test title, dueDate=2022-11-14, finished=false, writer=testman)
]]></system-out>
  <system-err><![CDATA[]]></system-err>
</testsuite>
