<?xml version="1.0" encoding="UTF-8"?>
<testsuite name="net.ict.springex.sample.TodoMapperTest" tests="1" skipped="0" failures="0" errors="0" timestamp="2022-11-16T07:25:50" hostname="DESKTOP-P8PDRO2" time="0.097">
  <properties/>
  <testcase name="testSelectSearch()" classname="net.ict.springex.sample.TodoMapperTest" time="0.097"/>
  <system-out><![CDATA[04:25:49  INFO [org.springframework.test.context.support.DefaultTestContextBootstrapper] Loaded default TestExecutionListener class names from location [META-INF/spring.factories]: [org.springframework.test.context.web.ServletTestExecutionListener, org.springframework.test.context.support.DirtiesContextBeforeModesTestExecutionListener, org.springframework.test.context.event.ApplicationEventsTestExecutionListener, org.springframework.test.context.support.DependencyInjectionTestExecutionListener, org.springframework.test.context.support.DirtiesContextTestExecutionListener, org.springframework.test.context.transaction.TransactionalTestExecutionListener, org.springframework.test.context.jdbc.SqlScriptsTestExecutionListener, org.springframework.test.context.event.EventPublishingTestExecutionListener]
04:25:49  INFO [org.springframework.test.context.support.DefaultTestContextBootstrapper] Using TestExecutionListeners: [org.springframework.test.context.support.DirtiesContextBeforeModesTestExecutionListener@203dd56b, org.springframework.test.context.event.ApplicationEventsTestExecutionListener@e8fadb0, org.springframework.test.context.support.DependencyInjectionTestExecutionListener@6d64b553, org.springframework.test.context.support.DirtiesContextTestExecutionListener@53667cbe, org.springframework.test.context.transaction.TransactionalTestExecutionListener@1d3e6d34, org.springframework.test.context.jdbc.SqlScriptsTestExecutionListener@6eafb10e, org.springframework.test.context.event.EventPublishingTestExecutionListener@26a94fa5]
04:25:50  INFO [com.zaxxer.hikari.HikariDataSource] HikariPool-1 - Starting...
04:25:50  INFO [com.zaxxer.hikari.pool.HikariPool] HikariPool-1 - Added connection org.mariadb.jdbc.Connection@4760f169
04:25:50  INFO [com.zaxxer.hikari.HikariDataSource] HikariPool-1 - Start completed.
04:25:50  INFO [net.ict.springex.sample.TodoMapperTest] 128
]]></system-out>
  <system-err><![CDATA[]]></system-err>
</testsuite>
